<?xml version="1.0" encoding="UTF-8"?>
<!-- Generated by org.testng.reporters.JUnitReportReporter -->
<testsuite skipped="0" hostname="DESKTOP-RK11H6R" name="org.s2b.avon.testcases.ProdutoTesteCase" tests="2" failures="0" timestamp="14 jun 2018 14:24:20 GMT" time="62.492" errors="0">
  <testcase name="testTwo" time="15.838" classname="org.s2b.avon.testcases.ProdutoTesteCase"/>
  <testcase name="testOne" time="46.654" classname="org.s2b.avon.testcases.ProdutoTesteCase"/>
</testsuite> <!-- org.s2b.avon.testcases.ProdutoTesteCase -->
