<?xml version="1.0" encoding="UTF-8"?>
<!-- Generated by org.testng.reporters.JUnitReportReporter -->
<testsuite skipped="0" hostname="DESKTOP-RK11H6R" name="org.s2b.avon.testcases.LoginTestCase" tests="1" failures="0" timestamp="04 jun 2018 02:06:57 GMT" time="11.327" errors="0">
  <testcase name="loginTest" time="11.327" classname="org.s2b.avon.testcases.LoginTestCase"/>
</testsuite> <!-- org.s2b.avon.testcases.LoginTestCase -->
