<?xml version="1.0" encoding="UTF-8"?>
<!-- Generated by org.testng.reporters.JUnitReportReporter -->
<testsuite skipped="0" hostname="DESKTOP-RK11H6R" name="org.s2b.avon.testcases.SearchRetailerTestCase" tests="1" failures="0" timestamp="14 jun 2018 17:56:24 GMT" time="14.283" errors="0">
  <testcase name="loginTest" time="14.283" classname="org.s2b.avon.testcases.SearchRetailerTestCase"/>
</testsuite> <!-- org.s2b.avon.testcases.SearchRetailerTestCase -->
